0 info it worked if it ends with ok
1 verbose cli [ '/usr/local/bin/node',
1 verbose cli   '/usr/local/bin/npm',
1 verbose cli   'install',
1 verbose cli   '-g',
1 verbose cli   'karma' ]
2 info using npm@1.4.28
3 info using node@v0.10.35
4 verbose cache add [ 'karma', null ]
5 verbose cache add name=undefined spec="karma" args=["karma",null]
6 verbose parsed url { protocol: null,
6 verbose parsed url   slashes: null,
6 verbose parsed url   auth: null,
6 verbose parsed url   host: null,
6 verbose parsed url   port: null,
6 verbose parsed url   hostname: null,
6 verbose parsed url   hash: null,
6 verbose parsed url   search: null,
6 verbose parsed url   query: null,
6 verbose parsed url   pathname: 'karma',
6 verbose parsed url   path: 'karma',
6 verbose parsed url   href: 'karma' }
7 silly lockFile 512423cb-karma karma
8 verbose lock karma /home/courtney/.npm/512423cb-karma.lock
9 silly lockFile 512423cb-karma karma
10 silly lockFile 512423cb-karma karma
11 verbose addNamed [ 'karma', '' ]
12 verbose addNamed [ null, '*' ]
13 silly lockFile cd7961bb-karma karma@
14 verbose lock karma@ /home/courtney/.npm/cd7961bb-karma.lock
15 silly addNameRange { name: 'karma', range: '*', hasData: false }
16 verbose request where is /karma
17 verbose request registry https://registry.npmjs.org/
18 verbose request id 788b0cdc3602f4f0
19 verbose url raw /karma
20 verbose url resolving [ 'https://registry.npmjs.org/', './karma' ]
21 verbose url resolved https://registry.npmjs.org/karma
22 verbose request where is https://registry.npmjs.org/karma
23 info trying registry request attempt 1 at 19:44:05
24 verbose etag "ACYNRSXUWPU9QZ45U2EOIAVLF"
25 http GET https://registry.npmjs.org/karma
26 http 304 https://registry.npmjs.org/karma
27 silly registry.get cb [ 304,
27 silly registry.get   { date: 'Wed, 25 Feb 2015 02:44:13 GMT',
27 silly registry.get     server: 'Apache',
27 silly registry.get     via: '1.1 varnish',
27 silly registry.get     'last-modified': 'Wed, 25 Feb 2015 02:43:48 GMT',
27 silly registry.get     'cache-control': 'max-age=60',
27 silly registry.get     etag: '"ACYNRSXUWPU9QZ45U2EOIAVLF"',
27 silly registry.get     age: '25',
27 silly registry.get     'x-served-by': 'cache-sjc3134-SJC',
27 silly registry.get     'x-cache': 'HIT',
27 silly registry.get     'x-cache-hits': '2',
27 silly registry.get     'x-timer': 'S1424832253.486508,VS0,VE0',
27 silly registry.get     vary: 'Accept',
27 silly registry.get     'content-length': '0',
27 silly registry.get     'keep-alive': 'timeout=10, max=50',
27 silly registry.get     connection: 'Keep-Alive' } ]
28 verbose etag https://registry.npmjs.org/karma from cache
29 silly addNameRange number 2 { name: 'karma', range: '*', hasData: true }
30 silly addNameRange versions [ 'karma',
30 silly addNameRange   [ '0.8.0',
30 silly addNameRange     '0.9.0-dart',
30 silly addNameRange     '0.8.1',
30 silly addNameRange     '0.8.2',
30 silly addNameRange     '0.8.3',
30 silly addNameRange     '0.9.0',
30 silly addNameRange     '0.8.4',
30 silly addNameRange     '0.9.1',
30 silly addNameRange     '0.8.5',
30 silly addNameRange     '0.9.2',
30 silly addNameRange     '0.9.2-dart',
30 silly addNameRange     '0.9.3',
30 silly addNameRange     '0.8.6',
30 silly addNameRange     '0.9.4',
30 silly addNameRange     '0.8.7',
30 silly addNameRange     '0.9.5',
30 silly addNameRange     '0.9.6',
30 silly addNameRange     '0.8.8',
30 silly addNameRange     '0.9.7',
30 silly addNameRange     '0.9.8',
30 silly addNameRange     '0.10.0',
30 silly addNameRange     '0.10.1',
30 silly addNameRange     '0.10.2',
30 silly addNameRange     '0.11.0',
30 silly addNameRange     '0.11.1',
30 silly addNameRange     '0.10.3',
30 silly addNameRange     '0.10.4',
30 silly addNameRange     '0.11.2',
30 silly addNameRange     '0.11.3',
30 silly addNameRange     '0.10.5',
30 silly addNameRange     '0.11.4',
30 silly addNameRange     '0.11.5',
30 silly addNameRange     '0.10.6',
30 silly addNameRange     '0.11.6',
30 silly addNameRange     '0.10.7',
30 silly addNameRange     '0.11.7',
30 silly addNameRange     '0.11.8',
30 silly addNameRange     '0.11.9',
30 silly addNameRange     '0.10.8',
30 silly addNameRange     '0.11.10',
30 silly addNameRange     '0.11.11',
30 silly addNameRange     '0.11.12',
30 silly addNameRange     '0.11.11-dev',
30 silly addNameRange     '0.10.9',
30 silly addNameRange     '0.11.12-dev',
30 silly addNameRange     '0.11.12-dev2',
30 silly addNameRange     '0.11.13',
30 silly addNameRange     '0.11.14',
30 silly addNameRange     '0.12.0',
30 silly addNameRange     '0.10.10',
30 silly addNameRange     '0.12.1',
30 silly addNameRange     '0.12.2',
30 silly addNameRange     '0.12.3',
30 silly addNameRange     '0.12.4',
30 silly addNameRange     '0.12.5',
30 silly addNameRange     '0.12.6',
30 silly addNameRange     '0.12.6-beta-43e6e28',
30 silly addNameRange     '0.12.7',
30 silly addNameRange     '0.12.8',
30 silly addNameRange     '0.12.9',
30 silly addNameRange     '0.12.10',
30 silly addNameRange     '0.12.11',
30 silly addNameRange     '0.12.12',
30 silly addNameRange     '0.12.11-beta-3029418',
30 silly addNameRange     '0.12.13',
30 silly addNameRange     '0.12.14',
30 silly addNameRange     '0.12.15',
30 silly addNameRange     '0.12.16',
30 silly addNameRange     '0.12.16-beta-905422d',
30 silly addNameRange     '0.12.17',
30 silly addNameRange     '0.12.18',
30 silly addNameRange     '0.12.19',
30 silly addNameRange     '0.12.20',
30 silly addNameRange     '0.12.21',
30 silly addNameRange     '0.12.22',
30 silly addNameRange     '0.12.23',
30 silly addNameRange     '0.12.24',
30 silly addNameRange     '0.12.24-beta-6cf7955',
30 silly addNameRange     '0.12.25',
30 silly addNameRange     '0.12.25-beta-37a7958',
30 silly addNameRange     '0.12.25-beta-ad5bc24',
30 silly addNameRange     '0.12.26',
30 silly addNameRange     '0.12.27',
30 silly addNameRange     '0.12.28',
30 silly addNameRange     '0.12.28-beta-b9be580',
30 silly addNameRange     '0.12.29',
30 silly addNameRange     '0.12.30',
30 silly addNameRange     '0.12.31',
30 silly addNameRange     '0.12.28-beta-f65c864',
30 silly addNameRange     '0.12.24-dev-test',
30 silly addNameRange     '0.12.24-dev-socketio10',
30 silly addNameRange     '0.12.24-dev-socketio10-2',
30 silly addNameRange     '0.12.32-beta.0',
30 silly addNameRange     '0.12.32' ] ]
31 verbose addNamed [ 'karma', '0.12.31' ]
32 verbose addNamed [ '0.12.31', '0.12.31' ]
33 silly lockFile feea9de1-karma-0-12-31 karma@0.12.31
34 verbose lock karma@0.12.31 /home/courtney/.npm/feea9de1-karma-0-12-31.lock
35 silly lockFile feea9de1-karma-0-12-31 karma@0.12.31
36 silly lockFile feea9de1-karma-0-12-31 karma@0.12.31
37 silly lockFile cd7961bb-karma karma@
38 silly lockFile cd7961bb-karma karma@
39 silly resolved [ { name: 'karma',
39 silly resolved     description: 'Spectacular Test Runner for JavaScript.',
39 silly resolved     homepage: 'http://karma-runner.github.io/',
39 silly resolved     repository: { type: 'git', url: 'git://github.com/karma-runner/karma.git' },
39 silly resolved     bugs: { url: 'https://github.com/karma-runner/karma/issues' },
39 silly resolved     keywords:
39 silly resolved      [ 'karma',
39 silly resolved        'spectacular',
39 silly resolved        'runner',
39 silly resolved        'karma',
39 silly resolved        'js',
39 silly resolved        'javascript',
39 silly resolved        'testing',
39 silly resolved        'test',
39 silly resolved        'remote',
39 silly resolved        'execution' ],
39 silly resolved     author: { name: 'Vojta Jína', email: 'vojta.jina@gmail.com' },
39 silly resolved     contributors:
39 silly resolved      [ [Object],
39 silly resolved        [Object],
39 silly resolved        [Object],
39 silly resolved        [Object],
39 silly resolved        [Object],
39 silly resolved        [Object],
39 silly resolved        [Object],
39 silly resolved        [Object],
39 silly resolved        [Object],
39 silly resolved        [Object],
39 silly resolved        [Object],
39 silly resolved        [Object],
39 silly resolved        [Object],
39 silly resolved        [Object],
39 silly resolved        [Object],
39 silly resolved        [Object],
39 silly resolved        [Object],
39 silly resolved        [Object],
39 silly resolved        [Object],
39 silly resolved        [Object],
39 silly resolved        [Object],
39 silly resolved        [Object],
39 silly resolved        [Object],
39 silly resolved        [Object],
39 silly resolved        [Object],
39 silly resolved        [Object],
39 silly resolved        [Object],
39 silly resolved        [Object],
39 silly resolved        [Object],
39 silly resolved        [Object],
39 silly resolved        [Object],
39 silly resolved        [Object],
39 silly resolved        [Object],
39 silly resolved        [Object],
39 silly resolved        [Object],
39 silly resolved        [Object],
39 silly resolved        [Object],
39 silly resolved        [Object],
39 silly resolved        [Object],
39 silly resolved        [Object],
39 silly resolved        [Object],
39 silly resolved        [Object],
39 silly resolved        [Object],
39 silly resolved        [Object],
39 silly resolved        [Object],
39 silly resolved        [Object],
39 silly resolved        [Object],
39 silly resolved        [Object],
39 silly resolved        [Object],
39 silly resolved        [Object],
39 silly resolved        [Object],
39 silly resolved        [Object],
39 silly resolved        [Object],
39 silly resolved        [Object],
39 silly resolved        [Object],
39 silly resolved        [Object],
39 silly resolved        [Object],
39 silly resolved        [Object],
39 silly resolved        [Object],
39 silly resolved        [Object],
39 silly resolved        [Object],
39 silly resolved        [Object],
39 silly resolved        [Object],
39 silly resolved        [Object],
39 silly resolved        [Object],
39 silly resolved        [Object],
39 silly resolved        [Object],
39 silly resolved        [Object],
39 silly resolved        [Object],
39 silly resolved        [Object],
39 silly resolved        [Object],
39 silly resolved        [Object],
39 silly resolved        [Object],
39 silly resolved        [Object],
39 silly resolved        [Object],
39 silly resolved        [Object],
39 silly resolved        [Object],
39 silly resolved        [Object],
39 silly resolved        [Object],
39 silly resolved        [Object],
39 silly resolved        [Object],
39 silly resolved        [Object],
39 silly resolved        [Object],
39 silly resolved        [Object],
39 silly resolved        [Object],
39 silly resolved        [Object],
39 silly resolved        [Object],
39 silly resolved        [Object],
39 silly resolved        [Object],
39 silly resolved        [Object],
39 silly resolved        [Object],
39 silly resolved        [Object],
39 silly resolved        [Object],
39 silly resolved        [Object],
39 silly resolved        [Object],
39 silly resolved        [Object],
39 silly resolved        [Object],
39 silly resolved        [Object],
39 silly resolved        [Object],
39 silly resolved        [Object],
39 silly resolved        [Object],
39 silly resolved        [Object],
39 silly resolved        [Object],
39 silly resolved        [Object],
39 silly resolved        [Object],
39 silly resolved        [Object],
39 silly resolved        [Object],
39 silly resolved        [Object],
39 silly resolved        [Object],
39 silly resolved        [Object],
39 silly resolved        [Object],
39 silly resolved        [Object],
39 silly resolved        [Object],
39 silly resolved        [Object],
39 silly resolved        [Object],
39 silly resolved        [Object],
39 silly resolved        [Object],
39 silly resolved        [Object],
39 silly resolved        [Object],
39 silly resolved        [Object],
39 silly resolved        [Object],
39 silly resolved        [Object],
39 silly resolved        [Object],
39 silly resolved        [Object],
39 silly resolved        [Object],
39 silly resolved        [Object],
39 silly resolved        [Object],
39 silly resolved        [Object],
39 silly resolved        [Object],
39 silly resolved        [Object],
39 silly resolved        [Object],
39 silly resolved        [Object],
39 silly resolved        [Object],
39 silly resolved        [Object],
39 silly resolved        [Object],
39 silly resolved        [Object],
39 silly resolved        [Object] ],
39 silly resolved     dependencies:
39 silly resolved      { di: '~0.0.1',
39 silly resolved        'socket.io': '0.9.16',
39 silly resolved        chokidar: '>=0.8.2',
39 silly resolved        glob: '~3.2.7',
39 silly resolved        minimatch: '~0.2',
39 silly resolved        'http-proxy': '~0.10',
39 silly resolved        optimist: '~0.6.0',
39 silly resolved        rimraf: '~2.2.5',
39 silly resolved        q: '~0.9.7',
39 silly resolved        colors: '~0.6.2',
39 silly resolved        lodash: '~2.4.1',
39 silly resolved        mime: '~1.2.11',
39 silly resolved        log4js: '~0.6.3',
39 silly resolved        useragent: '~2.0.4',
39 silly resolved        'graceful-fs': '~2.0.1',
39 silly resolved        connect: '~2.26.0',
39 silly resolved        'source-map': '~0.1.31' },
39 silly resolved     devDependencies:
39 silly resolved      { grunt: '~0.4',
39 silly resolved        'grunt-simple-mocha': '*',
39 silly resolved        'grunt-contrib-jshint': '~0.10.0',
39 silly resolved        'grunt-contrib-watch': '~0.6.1',
39 silly resolved        'grunt-coffeelint': '~0.0.6',
39 silly resolved        'grunt-npm': '~0.0.1',
39 silly resolved        'grunt-bump': '~0.0.10',
39 silly resolved        'grunt-conventional-changelog': '~1.1.0',
39 silly resolved        'grunt-auto-release': '~0.0.3',
39 silly resolved        'grunt-browserify': '~2.1.3',
39 silly resolved        'load-grunt-tasks': '~0.6.0',
39 silly resolved        mocks: '~0.0.10',
39 silly resolved        which: '~1.0',
39 silly resolved        mocha: '~1.20.1',
39 silly resolved        chai: '~1.9.1',
39 silly resolved        'chai-as-promised': '~4.1.0',
39 silly resolved        sinon: '~1.10.3',
39 silly resolved        'sinon-chai': '~2.5.0',
39 silly resolved        'timer-shim': '~0.3.0',
39 silly resolved        'karma-jasmine': '~0.1.0',
39 silly resolved        'karma-mocha': '*',
39 silly resolved        'karma-qunit': '*',
39 silly resolved        'karma-coverage': '*',
39 silly resolved        'karma-requirejs': '*',
39 silly resolved        'karma-commonjs': '*',
39 silly resolved        'karma-growl-reporter': '*',
39 silly resolved        'karma-junit-reporter': '*',
39 silly resolved        'karma-chrome-launcher': '*',
39 silly resolved        'karma-firefox-launcher': '*',
39 silly resolved        'karma-sauce-launcher': '*',
39 silly resolved        'karma-phantomjs-launcher': '*',
39 silly resolved        'karma-ng-scenario': '*',
39 silly resolved        'karma-coffee-preprocessor': '*',
39 silly resolved        'karma-live-preprocessor': '*',
39 silly resolved        'karma-html2js-preprocessor': '*',
39 silly resolved        'karma-browserstack-launcher': '*',
39 silly resolved        LiveScript: '~1.2.0',
39 silly resolved        'coffee-errors': '~0.8.6',
39 silly resolved        'coffee-script': '~1.7.1',
39 silly resolved        'grunt-jscs-checker': '~0.6.1' },
39 silly resolved     main: './lib/index',
39 silly resolved     bin: {},
39 silly resolved     engines: { node: '~0.8 || ~0.10' },
39 silly resolved     version: '0.12.31',
39 silly resolved     license: 'MIT',
39 silly resolved     gitHead: '6d2e4a7751a04284ce0836eba72cbe844933be9e',
39 silly resolved     _id: 'karma@0.12.31',
39 silly resolved     scripts: {},
39 silly resolved     _shasum: '806aa7c2acb13a39edb9374a7a477e643a5e94c9',
39 silly resolved     _from: 'karma@',
39 silly resolved     _npmVersion: '2.1.17',
39 silly resolved     _nodeVersion: '0.10.35',
39 silly resolved     _npmUser: { name: 'karmarunnerbot', email: 'karmarunnerbot@gmail.com' },
39 silly resolved     maintainers: [ [Object], [Object] ],
39 silly resolved     dist:
39 silly resolved      { shasum: '806aa7c2acb13a39edb9374a7a477e643a5e94c9',
39 silly resolved        tarball: 'http://registry.npmjs.org/karma/-/karma-0.12.31.tgz' },
39 silly resolved     directories: {},
39 silly resolved     _resolved: 'https://registry.npmjs.org/karma/-/karma-0.12.31.tgz',
39 silly resolved     readme: 'ERROR: No README data found!' } ]
40 info install karma@0.12.31 into /usr/local/lib
41 info installOne karma@0.12.31
42 verbose lib/node_modules/karma unbuild
43 verbose tar unpack /home/courtney/.npm/karma/0.12.31/package.tgz
44 silly lockFile 17d8f24c-usr-local-lib-node-modules-karma tar:///usr/local/lib/node_modules/karma
45 verbose lock tar:///usr/local/lib/node_modules/karma /home/courtney/.npm/17d8f24c-usr-local-lib-node-modules-karma.lock
46 silly lockFile 49ee938e-ey-npm-karma-0-12-31-package-tgz tar:///home/courtney/.npm/karma/0.12.31/package.tgz
47 verbose lock tar:///home/courtney/.npm/karma/0.12.31/package.tgz /home/courtney/.npm/49ee938e-ey-npm-karma-0-12-31-package-tgz.lock
48 silly gunzTarPerm modes [ '755', '644' ]
49 error Error: EACCES, mkdir '/usr/local/lib/node_modules/karma'
49 error  { [Error: EACCES, mkdir '/usr/local/lib/node_modules/karma']
49 error   errno: 3,
49 error   code: 'EACCES',
49 error   path: '/usr/local/lib/node_modules/karma',
49 error   fstream_type: 'Directory',
49 error   fstream_path: '/usr/local/lib/node_modules/karma',
49 error   fstream_class: 'DirWriter',
49 error   fstream_stack:
49 error    [ '/usr/local/lib/node_modules/npm/node_modules/fstream/lib/dir-writer.js:36:23',
49 error      '/usr/local/lib/node_modules/npm/node_modules/mkdirp/index.js:46:53',
49 error      'Object.oncomplete (fs.js:108:15)' ] }
50 error Please try running this command again as root/Administrator.
51 error System Linux 3.2.0-4-amd64
52 error command "/usr/local/bin/node" "/usr/local/bin/npm" "install" "-g" "karma"
53 error cwd /home/courtney/Projects/1800/college_courses
54 error node -v v0.10.35
55 error npm -v 1.4.28
56 error path /usr/local/lib/node_modules/karma
57 error fstream_path /usr/local/lib/node_modules/karma
58 error fstream_type Directory
59 error fstream_class DirWriter
60 error code EACCES
61 error errno 3
62 error stack Error: EACCES, mkdir '/usr/local/lib/node_modules/karma'
63 error fstream_stack /usr/local/lib/node_modules/npm/node_modules/fstream/lib/dir-writer.js:36:23
63 error fstream_stack /usr/local/lib/node_modules/npm/node_modules/mkdirp/index.js:46:53
63 error fstream_stack Object.oncomplete (fs.js:108:15)
64 verbose exit [ 3, true ]
